# JRE version: OpenJDK Runtime Environment (8.0_152-b06) (build 1.8.0_152-release-1136-b06)
# Java VM: OpenJDK 64-Bit Server VM (25.152-b06 mixed mode linux-amd64 compressed oops)
Heap:
 PSYoungGen      total 420864K, used 9939K [0x00000000e0000000, 0x0000000100000000, 0x0000000100000000)
  eden space 342016K, 0% used [0x00000000e0000000,0x00000000e0000000,0x00000000f4e00000)
  from space 78848K, 12% used [0x00000000fb300000,0x00000000fbcb4f60,0x0000000100000000)
  to   space 91136K, 0% used [0x00000000f4e00000,0x00000000f4e00000,0x00000000fa700000)
 ParOldGen       total 226304K, used 224979K [0x00000000a0000000, 0x00000000add00000, 0x00000000e0000000)
  object space 226304K, 99% used [0x00000000a0000000,0x00000000adbb4f90,0x00000000add00000)
 Metaspace       used 83634K, capacity 89098K, committed 89304K, reserved 1126400K
  class space    used 10864K, capacity 11988K, committed 12032K, reserved 1048576K
GC Heap History (10 events):
Event: 46.964 GC heap after
Heap after GC invocations=23 (full 4):
 PSYoungGen      total 297472K, used 34799K [0x00000000e0000000, 0x00000000fa080000, 0x0000000100000000)
  eden space 262656K, 0% used [0x00000000e0000000,0x00000000e0000000,0x00000000f0080000)
  from space 34816K, 99% used [0x00000000f0080000,0x00000000f227be70,0x00000000f2280000)
  to   space 52224K, 0% used [0x00000000f6d80000,0x00000000f6d80000,0x00000000fa080000)
 ParOldGen       total 156672K, used 104147K [0x00000000a0000000, 0x00000000a9900000, 0x00000000e0000000)
  object space 156672K, 66% used [0x00000000a0000000,0x00000000a65b4c68,0x00000000a9900000)
 Metaspace       used 81084K, capacity 86052K, committed 86360K, reserved 1124352K
  class space    used 10557K, capacity 11583K, committed 11648K, reserved 1048576K
}
Event: 49.055 GC heap before
{Heap before GC invocations=24 (full 4):
 PSYoungGen      total 297472K, used 297455K [0x00000000e0000000, 0x00000000fa080000, 0x0000000100000000)
  eden space 262656K, 100% used [0x00000000e0000000,0x00000000f0080000,0x00000000f0080000)
  from space 34816K, 99% used [0x00000000f0080000,0x00000000f227be70,0x00000000f2280000)
  to   space 52224K, 0% used [0x00000000f6d80000,0x00000000f6d80000,0x00000000fa080000)
 ParOldGen       total 156672K, used 104147K [0x00000000a0000000, 0x00000000a9900000, 0x00000000e0000000)
  object space 156672K, 66% used [0x00000000a0000000,0x00000000a65b4c68,0x00000000a9900000)
 Metaspace       used 82562K, capacity 87996K, committed 88152K, reserved 1126400K
  class space    used 10738K, capacity 11855K, committed 11904K, reserved 1048576K
Event: 49.181 GC heap after
Heap after GC invocations=24 (full 4):
 PSYoungGen      total 354816K, used 52220K [0x00000000e0000000, 0x00000000fc900000, 0x0000000100000000)
  eden space 302592K, 0% used [0x00000000e0000000,0x00000000e0000000,0x00000000f2780000)
  from space 52224K, 99% used [0x00000000f6d80000,0x00000000fa07f088,0x00000000fa080000)
  to   space 71680K, 0% used [0x00000000f2780000,0x00000000f2780000,0x00000000f6d80000)
 ParOldGen       total 156672K, used 132496K [0x00000000a0000000, 0x00000000a9900000, 0x00000000e0000000)
  object space 156672K, 84% used [0x00000000a0000000,0x00000000a81643f8,0x00000000a9900000)
 Metaspace       used 82562K, capacity 87996K, committed 88152K, reserved 1126400K
  class space    used 10738K, capacity 11855K, committed 11904K, reserved 1048576K
}
Event: 49.181 GC heap before
{Heap before GC invocations=25 (full 5):
 PSYoungGen      total 354816K, used 52220K [0x00000000e0000000, 0x00000000fc900000, 0x0000000100000000)
  eden space 302592K, 0% used [0x00000000e0000000,0x00000000e0000000,0x00000000f2780000)
  from space 52224K, 99% used [0x00000000f6d80000,0x00000000fa07f088,0x00000000fa080000)
  to   space 71680K, 0% used [0x00000000f2780000,0x00000000f2780000,0x00000000f6d80000)
 ParOldGen       total 156672K, used 132496K [0x00000000a0000000, 0x00000000a9900000, 0x00000000e0000000)
  object space 156672K, 84% used [0x00000000a0000000,0x00000000a81643f8,0x00000000a9900000)
 Metaspace       used 82562K, capacity 87996K, committed 88152K, reserved 1126400K
  class space    used 10738K, capacity 11855K, committed 11904K, reserved 1048576K
Event: 49.585 GC heap after
Heap after GC invocations=25 (full 5):
 PSYoungGen      total 354816K, used 0K [0x00000000e0000000, 0x00000000fc900000, 0x0000000100000000)
  eden space 302592K, 0% used [0x00000000e0000000,0x00000000e0000000,0x00000000f2780000)
  from space 52224K, 0% used [0x00000000f6d80000,0x00000000f6d80000,0x00000000fa080000)
  to   space 71680K, 0% used [0x00000000f2780000,0x00000000f2780000,0x00000000f6d80000)
 ParOldGen       total 226304K, used 119001K [0x00000000a0000000, 0x00000000add00000, 0x00000000e0000000)
  object space 226304K, 52% used [0x00000000a0000000,0x00000000a7436618,0x00000000add00000)
 Metaspace       used 82440K, capacity 87700K, committed 88152K, reserved 1126400K
  class space    used 10694K, capacity 11779K, committed 11904K, reserved 1048576K
}
Event: 52.583 GC heap before
{Heap before GC invocations=26 (full 5):
 PSYoungGen      total 354816K, used 285500K [0x00000000e0000000, 0x00000000fc900000, 0x0000000100000000)
  eden space 302592K, 94% used [0x00000000e0000000,0x00000000f16cf2e0,0x00000000f2780000)
  from space 52224K, 0% used [0x00000000f6d80000,0x00000000f6d80000,0x00000000fa080000)
  to   space 71680K, 0% used [0x00000000f2780000,0x00000000f2780000,0x00000000f6d80000)
 ParOldGen       total 226304K, used 119001K [0x00000000a0000000, 0x00000000add00000, 0x00000000e0000000)
  object space 226304K, 52% used [0x00000000a0000000,0x00000000a7436618,0x00000000add00000)
 Metaspace       used 83606K, capacity 89092K, committed 89304K, reserved 1126400K
  class space    used 10863K, capacity 11987K, committed 12032K, reserved 1048576K
Event: 52.634 GC heap after
Heap after GC invocations=26 (full 5):
 PSYoungGen      total 374272K, used 57386K [0x00000000e0000000, 0x0000000100000000, 0x0000000100000000)
  eden space 302592K, 0% used [0x00000000e0000000,0x00000000e0000000,0x00000000f2780000)
  from space 71680K, 80% used [0x00000000f2780000,0x00000000f5f8ab28,0x00000000f6d80000)
  to   space 78848K, 0% used [0x00000000fb300000,0x00000000fb300000,0x0000000100000000)
 ParOldGen       total 226304K, used 119009K [0x00000000a0000000, 0x00000000add00000, 0x00000000e0000000)
  object space 226304K, 52% used [0x00000000a0000000,0x00000000a7438618,0x00000000add00000)
 Metaspace       used 83606K, capacity 89092K, committed 89304K, reserved 1126400K
  class space    used 10863K, capacity 11987K, committed 12032K, reserved 1048576K
}
Event: 53.736 GC heap before
{Heap before GC invocations=27 (full 5):
 PSYoungGen      total 374272K, used 357698K [0x00000000e0000000, 0x0000000100000000, 0x0000000100000000)
  eden space 302592K, 99% used [0x00000000e0000000,0x00000000f2545d38,0x00000000f2780000)
  from space 71680K, 80% used [0x00000000f2780000,0x00000000f5f8ab28,0x00000000f6d80000)
  to   space 78848K, 0% used [0x00000000fb300000,0x00000000fb300000,0x0000000100000000)
 ParOldGen       total 226304K, used 119009K [0x00000000a0000000, 0x00000000add00000, 0x00000000e0000000)
  object space 226304K, 52% used [0x00000000a0000000,0x00000000a7438618,0x00000000add00000)
 Metaspace       used 83634K, capacity 89098K, committed 89304K, reserved 1126400K
  class space    used 10864K, capacity 11988K, committed 12032K, reserved 1048576K
Event: 53.837 GC heap after
Heap after GC invocations=27 (full 5):
 PSYoungGen      total 420864K, used 75668K [0x00000000e0000000, 0x0000000100000000, 0x0000000100000000)
  eden space 342016K, 0% used [0x00000000e0000000,0x00000000e0000000,0x00000000f4e00000)
  from space 78848K, 95% used [0x00000000fb300000,0x00000000ffce5340,0x0000000100000000)
  to   space 91136K, 0% used [0x00000000f4e00000,0x00000000f4e00000,0x00000000fa700000)
 ParOldGen       total 226304K, used 198017K [0x00000000a0000000, 0x00000000add00000, 0x00000000e0000000)
  object space 226304K, 87% used [0x00000000a0000000,0x00000000ac1606b8,0x00000000add00000)
 Metaspace       used 83634K, capacity 89098K, committed 89304K, reserved 1126400K
  class space    used 10864K, capacity 11988K, committed 12032K, reserved 1048576K
}
Event: 53.837 GC heap before
{Heap before GC invocations=28 (full 6):
 PSYoungGen      total 420864K, used 75668K [0x00000000e0000000, 0x0000000100000000, 0x0000000100000000)
  eden space 342016K, 0% used [0x00000000e0000000,0x00000000e0000000,0x00000000f4e00000)
  from space 78848K, 95% used [0x00000000fb300000,0x00000000ffce5340,0x0000000100000000)
  to   space 91136K, 0% used [0x00000000f4e00000,0x00000000f4e00000,0x00000000fa700000)
 ParOldGen       total 226304K, used 198017K [0x00000000a0000000, 0x00000000add00000, 0x00000000e0000000)
  object space 226304K, 87% used [0x00000000a0000000,0x00000000ac1606b8,0x00000000add00000)
 Metaspace       used 83634K, capacity 89098K, committed 89304K, reserved 1126400K
  class space    used 10864K, capacity 11988K, committed 12032K, reserved 1048576K

