# JRE version: OpenJDK Runtime Environment (8.0_152) (build 1.8.0_152-release-1343-b16-5323222)
# Java VM: OpenJDK 64-Bit Server VM (25.152-b16-5323222 mixed mode linux-amd64 compressed oops)
Heap:
 PSYoungGen      total 349696K, used 0K [0x00000000e0000000, 0x0000000100000000, 0x0000000100000000)
  eden space 296448K, 0% used [0x00000000e0000000,0x00000000e0000000,0x00000000f2180000)
  from space 53248K, 0% used [0x00000000f8500000,0x00000000f8500000,0x00000000fb900000)
  to   space 101888K, 0% used [0x00000000f2180000,0x00000000f2180000,0x00000000f8500000)
 ParOldGen       total 225280K, used 223496K [0x00000000a0000000, 0x00000000adc00000, 0x00000000e0000000)
  object space 225280K, 99% used [0x00000000a0000000,0x00000000ada42208,0x00000000adc00000)
 Metaspace       used 84466K, capacity 90118K, committed 90240K, reserved 1128448K
  class space    used 10953K, capacity 12150K, committed 12160K, reserved 1048576K
GC Heap History (10 events):
Event: 47.855 GC heap after
Heap after GC invocations=22 (full 3):
 PSYoungGen      total 297472K, used 35322K [0x00000000e0000000, 0x00000000f8300000, 0x0000000100000000)
  eden space 262144K, 0% used [0x00000000e0000000,0x00000000e0000000,0x00000000f0000000)
  from space 35328K, 99% used [0x00000000f0000000,0x00000000f227eb88,0x00000000f2280000)
  to   space 47104K, 0% used [0x00000000f5500000,0x00000000f5500000,0x00000000f8300000)
 ParOldGen       total 120832K, used 115247K [0x00000000a0000000, 0x00000000a7600000, 0x00000000e0000000)
  object space 120832K, 95% used [0x00000000a0000000,0x00000000a708bc50,0x00000000a7600000)
 Metaspace       used 82453K, capacity 87942K, committed 88064K, reserved 1126400K
  class space    used 10760K, capacity 11958K, committed 12032K, reserved 1048576K
}
Event: 47.855 GC heap before
{Heap before GC invocations=23 (full 4):
 PSYoungGen      total 297472K, used 35322K [0x00000000e0000000, 0x00000000f8300000, 0x0000000100000000)
  eden space 262144K, 0% used [0x00000000e0000000,0x00000000e0000000,0x00000000f0000000)
  from space 35328K, 99% used [0x00000000f0000000,0x00000000f227eb88,0x00000000f2280000)
  to   space 47104K, 0% used [0x00000000f5500000,0x00000000f5500000,0x00000000f8300000)
 ParOldGen       total 120832K, used 115247K [0x00000000a0000000, 0x00000000a7600000, 0x00000000e0000000)
  object space 120832K, 95% used [0x00000000a0000000,0x00000000a708bc50,0x00000000a7600000)
 Metaspace       used 82453K, capacity 87942K, committed 88064K, reserved 1126400K
  class space    used 10760K, capacity 11958K, committed 12032K, reserved 1048576K
Event: 48.406 GC heap after
Heap after GC invocations=23 (full 4):
 PSYoungGen      total 297472K, used 0K [0x00000000e0000000, 0x00000000f8300000, 0x0000000100000000)
  eden space 262144K, 0% used [0x00000000e0000000,0x00000000e0000000,0x00000000f0000000)
  from space 35328K, 0% used [0x00000000f0000000,0x00000000f0000000,0x00000000f2280000)
  to   space 47104K, 0% used [0x00000000f5500000,0x00000000f5500000,0x00000000f8300000)
 ParOldGen       total 202752K, used 116123K [0x00000000a0000000, 0x00000000ac600000, 0x00000000e0000000)
  object space 202752K, 57% used [0x00000000a0000000,0x00000000a7166c98,0x00000000ac600000)
 Metaspace       used 82200K, capacity 87334K, committed 88064K, reserved 1126400K
  class space    used 10670K, capacity 11802K, committed 12032K, reserved 1048576K
}
Event: 49.873 GC heap before
{Heap before GC invocations=24 (full 4):
 PSYoungGen      total 297472K, used 262007K [0x00000000e0000000, 0x00000000f8300000, 0x0000000100000000)
  eden space 262144K, 99% used [0x00000000e0000000,0x00000000effddc08,0x00000000f0000000)
  from space 35328K, 0% used [0x00000000f0000000,0x00000000f0000000,0x00000000f2280000)
  to   space 47104K, 0% used [0x00000000f5500000,0x00000000f5500000,0x00000000f8300000)
 ParOldGen       total 202752K, used 116123K [0x00000000a0000000, 0x00000000ac600000, 0x00000000e0000000)
  object space 202752K, 57% used [0x00000000a0000000,0x00000000a7166c98,0x00000000ac600000)
 Metaspace       used 82965K, capacity 88392K, committed 88576K, reserved 1126400K
  class space    used 10789K, capacity 11977K, committed 12032K, reserved 1048576K
Event: 49.934 GC heap after
Heap after GC invocations=24 (full 4):
 PSYoungGen      total 344064K, used 40007K [0x00000000e0000000, 0x00000000f9300000, 0x0000000100000000)
  eden space 296960K, 0% used [0x00000000e0000000,0x00000000e0000000,0x00000000f2200000)
  from space 47104K, 84% used [0x00000000f5500000,0x00000000f7c11ef0,0x00000000f8300000)
  to   space 52224K, 0% used [0x00000000f2200000,0x00000000f2200000,0x00000000f5500000)
 ParOldGen       total 202752K, used 116131K [0x00000000a0000000, 0x00000000ac600000, 0x00000000e0000000)
  object space 202752K, 57% used [0x00000000a0000000,0x00000000a7168c98,0x00000000ac600000)
 Metaspace       used 82965K, capacity 88392K, committed 88576K, reserved 1126400K
  class space    used 10789K, capacity 11977K, committed 12032K, reserved 1048576K
}
Event: 52.864 GC heap before
{Heap before GC invocations=25 (full 4):
 PSYoungGen      total 344064K, used 336967K [0x00000000e0000000, 0x00000000f9300000, 0x0000000100000000)
  eden space 296960K, 100% used [0x00000000e0000000,0x00000000f2200000,0x00000000f2200000)
  from space 47104K, 84% used [0x00000000f5500000,0x00000000f7c11ef0,0x00000000f8300000)
  to   space 52224K, 0% used [0x00000000f2200000,0x00000000f2200000,0x00000000f5500000)
 ParOldGen       total 202752K, used 116131K [0x00000000a0000000, 0x00000000ac600000, 0x00000000e0000000)
  object space 202752K, 57% used [0x00000000a0000000,0x00000000a7168c98,0x00000000ac600000)
 Metaspace       used 84430K, capacity 90040K, committed 90240K, reserved 1128448K
  class space    used 10948K, capacity 12147K, committed 12160K, reserved 1048576K
Event: 52.901 GC heap after
Heap after GC invocations=25 (full 4):
 PSYoungGen      total 349184K, used 32186K [0x00000000e0000000, 0x00000000fb900000, 0x0000000100000000)
  eden space 296960K, 0% used [0x00000000e0000000,0x00000000e0000000,0x00000000f2200000)
  from space 52224K, 61% used [0x00000000f2200000,0x00000000f416eb60,0x00000000f5500000)
  to   space 53248K, 0% used [0x00000000f8500000,0x00000000f8500000,0x00000000fb900000)
 ParOldGen       total 202752K, used 116139K [0x00000000a0000000, 0x00000000ac600000, 0x00000000e0000000)
  object space 202752K, 57% used [0x00000000a0000000,0x00000000a716ac98,0x00000000ac600000)
 Metaspace       used 84430K, capacity 90040K, committed 90240K, reserved 1128448K
  class space    used 10948K, capacity 12147K, committed 12160K, reserved 1048576K
}
Event: 53.881 GC heap before
{Heap before GC invocations=26 (full 4):
 PSYoungGen      total 349184K, used 328022K [0x00000000e0000000, 0x00000000fb900000, 0x0000000100000000)
  eden space 296960K, 99% used [0x00000000e0000000,0x00000000f20e7050,0x00000000f2200000)
  from space 52224K, 61% used [0x00000000f2200000,0x00000000f416eb60,0x00000000f5500000)
  to   space 53248K, 0% used [0x00000000f8500000,0x00000000f8500000,0x00000000fb900000)
 ParOldGen       total 202752K, used 116139K [0x00000000a0000000, 0x00000000ac600000, 0x00000000e0000000)
  object space 202752K, 57% used [0x00000000a0000000,0x00000000a716ac98,0x00000000ac600000)
 Metaspace       used 84466K, capacity 90118K, committed 90240K, reserved 1128448K
  class space    used 10953K, capacity 12150K, committed 12160K, reserved 1048576K
Event: 53.967 GC heap after
Heap after GC invocations=26 (full 4):
 PSYoungGen      total 349696K, used 53228K [0x00000000e0000000, 0x0000000100000000, 0x0000000100000000)
  eden space 296448K, 0% used [0x00000000e0000000,0x00000000e0000000,0x00000000f2180000)
  from space 53248K, 99% used [0x00000000f8500000,0x00000000fb8fb1f0,0x00000000fb900000)
  to   space 101888K, 0% used [0x00000000f2180000,0x00000000f2180000,0x00000000f8500000)
 ParOldGen       total 225280K, used 223990K [0x00000000a0000000, 0x00000000adc00000, 0x00000000e0000000)
  object space 225280K, 99% used [0x00000000a0000000,0x00000000adabd840,0x00000000adc00000)
 Metaspace       used 84466K, capacity 90118K, committed 90240K, reserved 1128448K
  class space    used 10953K, capacity 12150K, committed 12160K, reserved 1048576K
}
Event: 53.967 GC heap before
{Heap before GC invocations=27 (full 5):
 PSYoungGen      total 349696K, used 53228K [0x00000000e0000000, 0x0000000100000000, 0x0000000100000000)
  eden space 296448K, 0% used [0x00000000e0000000,0x00000000e0000000,0x00000000f2180000)
  from space 53248K, 99% used [0x00000000f8500000,0x00000000fb8fb1f0,0x00000000fb900000)
  to   space 101888K, 0% used [0x00000000f2180000,0x00000000f2180000,0x00000000f8500000)
 ParOldGen       total 225280K, used 223990K [0x00000000a0000000, 0x00000000adc00000, 0x00000000e0000000)
  object space 225280K, 99% used [0x00000000a0000000,0x00000000adabd840,0x00000000adc00000)
 Metaspace       used 84466K, capacity 90118K, committed 90240K, reserved 1128448K
  class space    used 10953K, capacity 12150K, committed 12160K, reserved 1048576K

