# JRE version: OpenJDK Runtime Environment (8.0_152-b06) (build 1.8.0_152-release-1136-b06)
# Java VM: OpenJDK 64-Bit Server VM (25.152-b06 mixed mode linux-amd64 compressed oops)
Heap:
 PSYoungGen      total 376832K, used 16974K [0x00000000e0000000, 0x00000000fd480000, 0x0000000100000000)
  eden space 317440K, 0% used [0x00000000e0000000,0x00000000e0000000,0x00000000f3600000)
  from space 59392K, 28% used [0x00000000f7980000,0x00000000f8a13818,0x00000000fb380000)
  to   space 69120K, 0% used [0x00000000f3600000,0x00000000f3600000,0x00000000f7980000)
 ParOldGen       total 190464K, used 184230K [0x00000000a0000000, 0x00000000aba00000, 0x00000000e0000000)
  object space 190464K, 96% used [0x00000000a0000000,0x00000000ab3e9938,0x00000000aba00000)
 Metaspace       used 84522K, capacity 90152K, committed 91008K, reserved 1128448K
  class space    used 10950K, capacity 12143K, committed 12416K, reserved 1048576K
GC Heap History (10 events):
Event: 207.112 GC heap after
Heap after GC invocations=22 (full 4):
 PSYoungGen      total 293376K, used 22437K [0x00000000e0000000, 0x00000000f4300000, 0x0000000100000000)
  eden space 259072K, 0% used [0x00000000e0000000,0x00000000e0000000,0x00000000efd00000)
  from space 34304K, 65% used [0x00000000f2180000,0x00000000f3769550,0x00000000f4300000)
  to   space 35840K, 0% used [0x00000000efd00000,0x00000000efd00000,0x00000000f2000000)
 ParOldGen       total 157696K, used 72719K [0x00000000a0000000, 0x00000000a9a00000, 0x00000000e0000000)
  object space 157696K, 46% used [0x00000000a0000000,0x00000000a4703d20,0x00000000a9a00000)
 Metaspace       used 81237K, capacity 86544K, committed 86912K, reserved 1124352K
  class space    used 10632K, capacity 11779K, committed 11904K, reserved 1048576K
}
Event: 208.807 GC heap before
{Heap before GC invocations=23 (full 4):
 PSYoungGen      total 293376K, used 281509K [0x00000000e0000000, 0x00000000f4300000, 0x0000000100000000)
  eden space 259072K, 100% used [0x00000000e0000000,0x00000000efd00000,0x00000000efd00000)
  from space 34304K, 65% used [0x00000000f2180000,0x00000000f3769550,0x00000000f4300000)
  to   space 35840K, 0% used [0x00000000efd00000,0x00000000efd00000,0x00000000f2000000)
 ParOldGen       total 157696K, used 72719K [0x00000000a0000000, 0x00000000a9a00000, 0x00000000e0000000)
  object space 157696K, 46% used [0x00000000a0000000,0x00000000a4703d20,0x00000000a9a00000)
 Metaspace       used 82021K, capacity 87374K, committed 87424K, reserved 1124352K
  class space    used 10692K, capacity 11862K, committed 11904K, reserved 1048576K
Event: 208.862 GC heap after
Heap after GC invocations=23 (full 4):
 PSYoungGen      total 294912K, used 35823K [0x00000000e0000000, 0x00000000f7780000, 0x0000000100000000)
  eden space 259072K, 0% used [0x00000000e0000000,0x00000000e0000000,0x00000000efd00000)
  from space 35840K, 99% used [0x00000000efd00000,0x00000000f1ffbf30,0x00000000f2000000)
  to   space 43008K, 0% used [0x00000000f4d80000,0x00000000f4d80000,0x00000000f7780000)
 ParOldGen       total 157696K, used 75795K [0x00000000a0000000, 0x00000000a9a00000, 0x00000000e0000000)
  object space 157696K, 48% used [0x00000000a0000000,0x00000000a4a04fd0,0x00000000a9a00000)
 Metaspace       used 82021K, capacity 87374K, committed 87424K, reserved 1124352K
  class space    used 10692K, capacity 11862K, committed 11904K, reserved 1048576K
}
Event: 211.365 GC heap before
{Heap before GC invocations=24 (full 4):
 PSYoungGen      total 294912K, used 294895K [0x00000000e0000000, 0x00000000f7780000, 0x0000000100000000)
  eden space 259072K, 100% used [0x00000000e0000000,0x00000000efd00000,0x00000000efd00000)
  from space 35840K, 99% used [0x00000000efd00000,0x00000000f1ffbf30,0x00000000f2000000)
  to   space 43008K, 0% used [0x00000000f4d80000,0x00000000f4d80000,0x00000000f7780000)
 ParOldGen       total 157696K, used 75795K [0x00000000a0000000, 0x00000000a9a00000, 0x00000000e0000000)
  object space 157696K, 48% used [0x00000000a0000000,0x00000000a4a04fd0,0x00000000a9a00000)
 Metaspace       used 82833K, capacity 88466K, committed 88576K, reserved 1126400K
  class space    used 10810K, capacity 12000K, committed 12032K, reserved 1048576K
Event: 211.515 GC heap after
Heap after GC invocations=24 (full 4):
 PSYoungGen      total 322048K, used 42994K [0x00000000e0000000, 0x00000000fa780000, 0x0000000100000000)
  eden space 279040K, 0% used [0x00000000e0000000,0x00000000e0000000,0x00000000f1080000)
  from space 43008K, 99% used [0x00000000f4d80000,0x00000000f777cb88,0x00000000f7780000)
  to   space 62464K, 0% used [0x00000000f1080000,0x00000000f1080000,0x00000000f4d80000)
 ParOldGen       total 157696K, used 109128K [0x00000000a0000000, 0x00000000a9a00000, 0x00000000e0000000)
  object space 157696K, 69% used [0x00000000a0000000,0x00000000a6a92040,0x00000000a9a00000)
 Metaspace       used 82833K, capacity 88466K, committed 88576K, reserved 1126400K
  class space    used 10810K, capacity 12000K, committed 12032K, reserved 1048576K
}
Event: 215.473 GC heap before
{Heap before GC invocations=25 (full 4):
 PSYoungGen      total 322048K, used 322034K [0x00000000e0000000, 0x00000000fa780000, 0x0000000100000000)
  eden space 279040K, 100% used [0x00000000e0000000,0x00000000f1080000,0x00000000f1080000)
  from space 43008K, 99% used [0x00000000f4d80000,0x00000000f777cb88,0x00000000f7780000)
  to   space 62464K, 0% used [0x00000000f1080000,0x00000000f1080000,0x00000000f4d80000)
 ParOldGen       total 157696K, used 109128K [0x00000000a0000000, 0x00000000a9a00000, 0x00000000e0000000)
  object space 157696K, 69% used [0x00000000a0000000,0x00000000a6a92040,0x00000000a9a00000)
 Metaspace       used 84148K, capacity 90100K, committed 90368K, reserved 1128448K
  class space    used 10946K, capacity 12233K, committed 12288K, reserved 1048576K
Event: 215.507 GC heap after
Heap after GC invocations=25 (full 4):
 PSYoungGen      total 341504K, used 18544K [0x00000000e0000000, 0x00000000fb380000, 0x0000000100000000)
  eden space 279040K, 0% used [0x00000000e0000000,0x00000000e0000000,0x00000000f1080000)
  from space 62464K, 29% used [0x00000000f1080000,0x00000000f229c220,0x00000000f4d80000)
  to   space 59392K, 0% used [0x00000000f7980000,0x00000000f7980000,0x00000000fb380000)
 ParOldGen       total 157696K, used 115576K [0x00000000a0000000, 0x00000000a9a00000, 0x00000000e0000000)
  object space 157696K, 73% used [0x00000000a0000000,0x00000000a70de048,0x00000000a9a00000)
 Metaspace       used 84148K, capacity 90100K, committed 90368K, reserved 1128448K
  class space    used 10946K, capacity 12233K, committed 12288K, reserved 1048576K
}
Event: 216.808 GC heap before
{Heap before GC invocations=26 (full 4):
 PSYoungGen      total 341504K, used 292469K [0x00000000e0000000, 0x00000000fb380000, 0x0000000100000000)
  eden space 279040K, 98% used [0x00000000e0000000,0x00000000f0b81270,0x00000000f1080000)
  from space 62464K, 29% used [0x00000000f1080000,0x00000000f229c220,0x00000000f4d80000)
  to   space 59392K, 0% used [0x00000000f7980000,0x00000000f7980000,0x00000000fb380000)
 ParOldGen       total 157696K, used 115576K [0x00000000a0000000, 0x00000000a9a00000, 0x00000000e0000000)
  object space 157696K, 73% used [0x00000000a0000000,0x00000000a70de048,0x00000000a9a00000)
 Metaspace       used 84798K, capacity 90846K, committed 91008K, reserved 1128448K
  class space    used 11048K, capacity 12314K, committed 12416K, reserved 1048576K
Event: 216.930 GC heap after
Heap after GC invocations=26 (full 4):
 PSYoungGen      total 376832K, used 58944K [0x00000000e0000000, 0x00000000fd480000, 0x0000000100000000)
  eden space 317440K, 0% used [0x00000000e0000000,0x00000000e0000000,0x00000000f3600000)
  from space 59392K, 99% used [0x00000000f7980000,0x00000000fb3102e0,0x00000000fb380000)
  to   space 69120K, 0% used [0x00000000f3600000,0x00000000f3600000,0x00000000f7980000)
 ParOldGen       total 190464K, used 186336K [0x00000000a0000000, 0x00000000aba00000, 0x00000000e0000000)
  object space 190464K, 97% used [0x00000000a0000000,0x00000000ab5f8080,0x00000000aba00000)
 Metaspace       used 84798K, capacity 90846K, committed 91008K, reserved 1128448K
  class space    used 11048K, capacity 12314K, committed 12416K, reserved 1048576K
}
Event: 216.931 GC heap before
{Heap before GC invocations=27 (full 5):
 PSYoungGen      total 376832K, used 58944K [0x00000000e0000000, 0x00000000fd480000, 0x0000000100000000)
  eden space 317440K, 0% used [0x00000000e0000000,0x00000000e0000000,0x00000000f3600000)
  from space 59392K, 99% used [0x00000000f7980000,0x00000000fb3102e0,0x00000000fb380000)
  to   space 69120K, 0% used [0x00000000f3600000,0x00000000f3600000,0x00000000f7980000)
 ParOldGen       total 190464K, used 186336K [0x00000000a0000000, 0x00000000aba00000, 0x00000000e0000000)
  object space 190464K, 97% used [0x00000000a0000000,0x00000000ab5f8080,0x00000000aba00000)
 Metaspace       used 84798K, capacity 90846K, committed 91008K, reserved 1128448K
  class space    used 11048K, capacity 12314K, committed 12416K, reserved 1048576K

